<?xml version="1.0" encoding="UTF-8"?>
<testsuite xmlns:xsi="http://www.w3.org/2001/XMLSchema-instance" xsi:noNamespaceSchemaLocation="https://maven.apache.org/surefire/maven-surefire-plugin/xsd/surefire-test-report-3.0.xsd" version="3.0" name="hellocucumber.RunCucumberTest" time="0.335" tests="1" errors="0" skipped="0" failures="0">
  <properties>
    <property name="sun.desktop" value="windows"/>
    <property name="awt.toolkit" value="sun.awt.windows.WToolkit"/>
    <property name="java.specification.version" value="11"/>
    <property name="sun.cpu.isalist" value="amd64"/>
    <property name="sun.jnu.encoding" value="Cp1252"/>
    <property name="java.class.path" value="D:\Belajar\Github\hellocucumber\target\test-classes;D:\Belajar\Github\hellocucumber\target\classes;C:\Users\arifandhi.muhamad\.m2\repository\io\cucumber\cucumber-java\7.11.2\cucumber-java-7.11.2.jar;C:\Users\arifandhi.muhamad\.m2\repository\io\cucumber\cucumber-core\7.11.2\cucumber-core-7.11.2.jar;C:\Users\arifandhi.muhamad\.m2\repository\io\cucumber\cucumber-gherkin\7.11.2\cucumber-gherkin-7.11.2.jar;C:\Users\arifandhi.muhamad\.m2\repository\io\cucumber\cucumber-gherkin-messages\7.11.2\cucumber-gherkin-messages-7.11.2.jar;C:\Users\arifandhi.muhamad\.m2\repository\io\cucumber\gherkin\26.0.3\gherkin-26.0.3.jar;C:\Users\arifandhi.muhamad\.m2\repository\io\cucumber\messages\21.0.1\messages-21.0.1.jar;C:\Users\arifandhi.muhamad\.m2\repository\io\cucumber\tag-expressions\5.0.1\tag-expressions-5.0.1.jar;C:\Users\arifandhi.muhamad\.m2\repository\io\cucumber\cucumber-expressions\16.1.2\cucumber-expressions-16.1.2.jar;C:\Users\arifandhi.muhamad\.m2\repository\io\cucumber\datatable\7.11.2\datatable-7.11.2.jar;C:\Users\arifandhi.muhamad\.m2\repository\io\cucumber\cucumber-plugin\7.11.2\cucumber-plugin-7.11.2.jar;C:\Users\arifandhi.muhamad\.m2\repository\io\cucumber\docstring\7.11.2\docstring-7.11.2.jar;C:\Users\arifandhi.muhamad\.m2\repository\io\cucumber\html-formatter\20.2.1\html-formatter-20.2.1.jar;C:\Users\arifandhi.muhamad\.m2\repository\io\cucumber\junit-xml-formatter\0.1.0\junit-xml-formatter-0.1.0.jar;C:\Users\arifandhi.muhamad\.m2\repository\io\cucumber\ci-environment\9.1.0\ci-environment-9.1.0.jar;C:\Users\arifandhi.muhamad\.m2\repository\org\apiguardian\apiguardian-api\1.1.2\apiguardian-api-1.1.2.jar;C:\Users\arifandhi.muhamad\.m2\repository\io\cucumber\cucumber-junit-platform-engine\7.11.2\cucumber-junit-platform-engine-7.11.2.jar;C:\Users\arifandhi.muhamad\.m2\repository\org\junit\platform\junit-platform-engine\1.9.2\junit-platform-engine-1.9.2.jar;C:\Users\arifandhi.muhamad\.m2\repository\org\opentest4j\opentest4j\1.2.0\opentest4j-1.2.0.jar;C:\Users\arifandhi.muhamad\.m2\repository\org\junit\platform\junit-platform-commons\1.9.2\junit-platform-commons-1.9.2.jar;C:\Users\arifandhi.muhamad\.m2\repository\org\junit\platform\junit-platform-suite\1.9.2\junit-platform-suite-1.9.2.jar;C:\Users\arifandhi.muhamad\.m2\repository\org\junit\platform\junit-platform-suite-api\1.9.2\junit-platform-suite-api-1.9.2.jar;C:\Users\arifandhi.muhamad\.m2\repository\org\junit\platform\junit-platform-suite-engine\1.9.2\junit-platform-suite-engine-1.9.2.jar;C:\Users\arifandhi.muhamad\.m2\repository\org\junit\platform\junit-platform-suite-commons\1.9.2\junit-platform-suite-commons-1.9.2.jar;C:\Users\arifandhi.muhamad\.m2\repository\org\junit\platform\junit-platform-launcher\1.9.2\junit-platform-launcher-1.9.2.jar;C:\Users\arifandhi.muhamad\.m2\repository\org\junit\jupiter\junit-jupiter\5.9.2\junit-jupiter-5.9.2.jar;C:\Users\arifandhi.muhamad\.m2\repository\org\junit\jupiter\junit-jupiter-api\5.9.2\junit-jupiter-api-5.9.2.jar;C:\Users\arifandhi.muhamad\.m2\repository\org\junit\jupiter\junit-jupiter-params\5.9.2\junit-jupiter-params-5.9.2.jar;C:\Users\arifandhi.muhamad\.m2\repository\org\junit\jupiter\junit-jupiter-engine\5.9.2\junit-jupiter-engine-5.9.2.jar;"/>
    <property name="java.vm.vendor" value="Amazon.com Inc."/>
    <property name="sun.arch.data.model" value="64"/>
    <property name="user.variant" value=""/>
    <property name="java.vendor.url" value="https://aws.amazon.com/corretto/"/>
    <property name="user.timezone" value="Asia/Bangkok"/>
    <property name="java.vm.specification.version" value="11"/>
    <property name="os.name" value="Windows 10"/>
    <property name="sun.java.launcher" value="SUN_STANDARD"/>
    <property name="user.country" value="US"/>
    <property name="sun.boot.library.path" value="C:\Users\arifandhi.muhamad\.jdks\corretto-11.0.18\bin"/>
    <property name="sun.java.command" value="C:\Users\arifandhi.muhamad\AppData\Local\Temp\surefire10571819287085407986\surefirebooter-20230402225010814_3.jar C:\Users\arifandhi.muhamad\AppData\Local\Temp\surefire10571819287085407986 2023-04-02T22-50-08_572-jvmRun1 surefire-20230402225010814_1tmp surefire_0-20230402225010814_2tmp"/>
    <property name="jdk.debug" value="release"/>
    <property name="surefire.test.class.path" value="D:\Belajar\Github\hellocucumber\target\test-classes;D:\Belajar\Github\hellocucumber\target\classes;C:\Users\arifandhi.muhamad\.m2\repository\io\cucumber\cucumber-java\7.11.2\cucumber-java-7.11.2.jar;C:\Users\arifandhi.muhamad\.m2\repository\io\cucumber\cucumber-core\7.11.2\cucumber-core-7.11.2.jar;C:\Users\arifandhi.muhamad\.m2\repository\io\cucumber\cucumber-gherkin\7.11.2\cucumber-gherkin-7.11.2.jar;C:\Users\arifandhi.muhamad\.m2\repository\io\cucumber\cucumber-gherkin-messages\7.11.2\cucumber-gherkin-messages-7.11.2.jar;C:\Users\arifandhi.muhamad\.m2\repository\io\cucumber\gherkin\26.0.3\gherkin-26.0.3.jar;C:\Users\arifandhi.muhamad\.m2\repository\io\cucumber\messages\21.0.1\messages-21.0.1.jar;C:\Users\arifandhi.muhamad\.m2\repository\io\cucumber\tag-expressions\5.0.1\tag-expressions-5.0.1.jar;C:\Users\arifandhi.muhamad\.m2\repository\io\cucumber\cucumber-expressions\16.1.2\cucumber-expressions-16.1.2.jar;C:\Users\arifandhi.muhamad\.m2\repository\io\cucumber\datatable\7.11.2\datatable-7.11.2.jar;C:\Users\arifandhi.muhamad\.m2\repository\io\cucumber\cucumber-plugin\7.11.2\cucumber-plugin-7.11.2.jar;C:\Users\arifandhi.muhamad\.m2\repository\io\cucumber\docstring\7.11.2\docstring-7.11.2.jar;C:\Users\arifandhi.muhamad\.m2\repository\io\cucumber\html-formatter\20.2.1\html-formatter-20.2.1.jar;C:\Users\arifandhi.muhamad\.m2\repository\io\cucumber\junit-xml-formatter\0.1.0\junit-xml-formatter-0.1.0.jar;C:\Users\arifandhi.muhamad\.m2\repository\io\cucumber\ci-environment\9.1.0\ci-environment-9.1.0.jar;C:\Users\arifandhi.muhamad\.m2\repository\org\apiguardian\apiguardian-api\1.1.2\apiguardian-api-1.1.2.jar;C:\Users\arifandhi.muhamad\.m2\repository\io\cucumber\cucumber-junit-platform-engine\7.11.2\cucumber-junit-platform-engine-7.11.2.jar;C:\Users\arifandhi.muhamad\.m2\repository\org\junit\platform\junit-platform-engine\1.9.2\junit-platform-engine-1.9.2.jar;C:\Users\arifandhi.muhamad\.m2\repository\org\opentest4j\opentest4j\1.2.0\opentest4j-1.2.0.jar;C:\Users\arifandhi.muhamad\.m2\repository\org\junit\platform\junit-platform-commons\1.9.2\junit-platform-commons-1.9.2.jar;C:\Users\arifandhi.muhamad\.m2\repository\org\junit\platform\junit-platform-suite\1.9.2\junit-platform-suite-1.9.2.jar;C:\Users\arifandhi.muhamad\.m2\repository\org\junit\platform\junit-platform-suite-api\1.9.2\junit-platform-suite-api-1.9.2.jar;C:\Users\arifandhi.muhamad\.m2\repository\org\junit\platform\junit-platform-suite-engine\1.9.2\junit-platform-suite-engine-1.9.2.jar;C:\Users\arifandhi.muhamad\.m2\repository\org\junit\platform\junit-platform-suite-commons\1.9.2\junit-platform-suite-commons-1.9.2.jar;C:\Users\arifandhi.muhamad\.m2\repository\org\junit\platform\junit-platform-launcher\1.9.2\junit-platform-launcher-1.9.2.jar;C:\Users\arifandhi.muhamad\.m2\repository\org\junit\jupiter\junit-jupiter\5.9.2\junit-jupiter-5.9.2.jar;C:\Users\arifandhi.muhamad\.m2\repository\org\junit\jupiter\junit-jupiter-api\5.9.2\junit-jupiter-api-5.9.2.jar;C:\Users\arifandhi.muhamad\.m2\repository\org\junit\jupiter\junit-jupiter-params\5.9.2\junit-jupiter-params-5.9.2.jar;C:\Users\arifandhi.muhamad\.m2\repository\org\junit\jupiter\junit-jupiter-engine\5.9.2\junit-jupiter-engine-5.9.2.jar;"/>
    <property name="sun.cpu.endian" value="little"/>
    <property name="user.home" value="C:\Users\arifandhi.muhamad"/>
    <property name="user.language" value="en"/>
    <property name="java.specification.vendor" value="Oracle Corporation"/>
    <property name="java.version.date" value="2023-01-17"/>
    <property name="java.home" value="C:\Users\arifandhi.muhamad\.jdks\corretto-11.0.18"/>
    <property name="file.separator" value="\"/>
    <property name="basedir" value="D:\Belajar\Github\hellocucumber"/>
    <property name="java.vm.compressedOopsMode" value="Zero based"/>
    <property name="line.separator" value="&#10;"/>
    <property name="java.specification.name" value="Java Platform API Specification"/>
    <property name="java.vm.specification.vendor" value="Oracle Corporation"/>
    <property name="java.awt.graphicsenv" value="sun.awt.Win32GraphicsEnvironment"/>
    <property name="surefire.real.class.path" value="C:\Users\arifandhi.muhamad\AppData\Local\Temp\surefire10571819287085407986\surefirebooter-20230402225010814_3.jar"/>
    <property name="user.script" value=""/>
    <property name="sun.management.compiler" value="HotSpot 64-Bit Tiered Compilers"/>
    <property name="java.runtime.version" value="11.0.18+10-LTS"/>
    <property name="user.name" value="arifandhi.muhamad"/>
    <property name="path.separator" value=";"/>
    <property name="os.version" value="10.0"/>
    <property name="java.runtime.name" value="OpenJDK Runtime Environment"/>
    <property name="file.encoding" value="Cp1252"/>
    <property name="java.vm.name" value="OpenJDK 64-Bit Server VM"/>
    <property name="java.vendor.version" value="Corretto-11.0.18.10.1"/>
    <property name="localRepository" value="C:\Users\arifandhi.muhamad\.m2\repository"/>
    <property name="java.vendor.url.bug" value="https://github.com/corretto/corretto-11/issues/"/>
    <property name="java.io.tmpdir" value="C:\Users\ARIFAN~1.MUH\AppData\Local\Temp\"/>
    <property name="java.version" value="11.0.18"/>
    <property name="user.dir" value="D:\Belajar\Github\hellocucumber"/>
    <property name="os.arch" value="amd64"/>
    <property name="java.vm.specification.name" value="Java Virtual Machine Specification"/>
    <property name="java.awt.printerjob" value="sun.awt.windows.WPrinterJob"/>
    <property name="sun.os.patch.level" value=""/>
    <property name="java.library.path" value="C:\Users\arifandhi.muhamad\.jdks\corretto-11.0.18\bin;C:\windows\Sun\Java\bin;C:\windows\system32;C:\windows;C:\windows\system32;C:\windows;C:\windows\System32\Wbem;C:\windows\System32\WindowsPowerShell\v1.0\;C:\windows\System32\OpenSSH\;C:\Maven\apache-maven-3.8.7\bin;C:\Program Files\Git\cmd;C:\Program Files\PuTTY\;C:\Program Files (x86)\Intel\Intel(R) Management Engine Components\DAL;C:\Program Files\Intel\Intel(R) Management Engine Components\DAL;C:\Users\arifandhi.muhamad\AppData\Local\Programs\Python\Python310\Scripts\;C:\Users\arifandhi.muhamad\AppData\Local\Programs\Python\Python310\;C:\Users\arifandhi.muhamad\AppData\Local\Microsoft\WindowsApps;C:\Users\arifandhi.muhamad\AppData\Local\Programs\Microsoft VS Code\bin;C:\Program Files\JetBrains\DataGrip 2022.1.4\bin;;C:\Users\arifandhi.muhamad\.jdks\corretto-11.0.18\\bin;C:\Program Files\JetBrains\IntelliJ IDEA Community Edition 2022.3.3\bin;;C:\Users\arifandhi.muhamad\AppData\Local\GitHubDesktop\bin;."/>
    <property name="java.vm.info" value="mixed mode"/>
    <property name="java.vendor" value="Amazon.com Inc."/>
    <property name="java.vm.version" value="11.0.18+10-LTS"/>
    <property name="sun.io.unicode.encoding" value="UnicodeLittle"/>
    <property name="java.class.version" value="55.0"/>
  </properties>
  <testcase name="The example" classname="An example" time="0.115">
    <system-out><![CDATA[
Scenario: The example                       &amp#27;[90m# hellocucumber/example.feature:3&amp#27;[0m
  &amp#27;[32mGiven &amp#27;[0m&amp#27;[32man example scenario&amp#27;[0m                 &amp#27;[90m# hellocucumber.StepDefinitions.anExampleScenario()&amp#27;[0m
  &amp#27;[32mWhen &amp#27;[0m&amp#27;[32mall step definitions are implemented&amp#27;[0m &amp#27;[90m# hellocucumber.StepDefinitions.allStepDefinitionsAreImplemented()&amp#27;[0m
  &amp#27;[32mThen &amp#27;[0m&amp#27;[32mthe scenario passes&amp#27;[0m                  &amp#27;[90m# hellocucumber.StepDefinitions.theScenarioPasses()&amp#27;[0m
]]></system-out>
  </testcase>
</testsuite>